<?xml version="1.0" encoding="UTF-8"?>
<!-- Generated by org.testng.reporters.JUnitReportReporter -->
<testsuite hostname="Sureshs-Air.lan" failures="0" tests="6" name="com.resolver.app.ResolverTest" time="9.612" errors="0" timestamp="2023-06-08T12:36:28 EDT" skipped="0">
  <testcase classname="com.resolver.app.ResolverTest" name="test6_ValueInGrid" time="0.040"/>
  <system-out>
    <![CDATA[Executing Test 6]]>
  </system-out>
  <testcase classname="com.resolver.app.ResolverTest" name="test1_SampleLogin" time="0.196"/>
  <system-out>
    <![CDATA[Executing Test 1]]>
  </system-out>
  <testcase classname="com.resolver.app.ResolverTest" name="test4_EnabledDisabledButton" time="0.034"/>
  <system-out>
    <![CDATA[Executing Test 4]]>
  </system-out>
  <testcase classname="com.resolver.app.ResolverTest" name="test2_ListItems" time="0.754"/>
  <system-out>
    <![CDATA[Executing Test 2]]>
  </system-out>
  <testcase classname="com.resolver.app.ResolverTest" name="test3_dropDown" time="0.084"/>
  <system-out>
    <![CDATA[Executing Test 3]]>
  </system-out>
  <testcase classname="com.resolver.app.ResolverTest" name="test5_WaitForButton" time="8.504"/>
  <system-out>
    <![CDATA[Executing Test 5]]>
  </system-out>
</testsuite> <!-- com.resolver.app.ResolverTest -->
